{"balance":20,"cardCode":"361","cardNumber":"710006247","activated":false,"status":"New Card"}
New Card: 710006247[361] Balance: 20.0
Status: 200 
{"balance":20,"cardCode":"361","cardNumber":"710006247","activated":true,"status":"New Card"}
============================================
--------- D E V I C E  S T A T E  ----------
============================================
Pin Option    = 4
Stored Pin    = 1234
Authenticated = false
Orientation   = PORTRAIT
API URL       = http://34.67.88.85/api
API KEY       = Zkfokey2311
API Register  = 6498234
============================================
Screen: starbucks.Passcode
Screen: starbucks.Spacer
Screen: starbucks.KeyPad
KeyPad Touched at (1, 5)
Key: 1
Key: 1 Count: 1
Current State: starbucks.OnePinDigit
D1 = 1
D2 = 
D3 = 
D4 = 
KeyPad Touched at (2, 5)
Key: 2
Key: 2 Count: 2
Current State: starbucks.TwoPinDigits
D1 = 1
D2 = 2
D3 = 
D4 = 
KeyPad Touched at (3, 5)
Key: 3
Key: 3 Count: 3
Current State: starbucks.ThreePinDigits
D1 = 1
D2 = 2
D3 = 3
D4 = 
KeyPad Touched at (1, 6)
Key: 4
Key: 4 Count: 4
Current State: starbucks.FourPinDigits
D1 = 1
D2 = 2
D3 = 3
D4 = 4
Authenticating...
Successful Login!
l: 10
w: 15
h: 15
DEBUG: $20.00

cnt1: 1
pad1: 4
....
DEBUG: [Ljava.lang.String;@57d7f8ca 1
line (before): $20.00 [len = 6]
line (after):      $20.00 [pad = 5]
cnt2: 5
pad2: 5
.....


0: ===============
1:    MyCards
2: ===============
3: 
4: 
5: 
6: 
7:      $20.00
8: 
9: 
10: 
11: 
12: 
13: 
14: ===============
15: [A][B][C][D][E]
Value: [Ljava.lang.String;@67c33749
l: 10
w: 15
h: 15
DEBUG: [710006247]


Scan Now

cnt1: 4
pad1: 3
...
DEBUG: [Ljava.lang.String;@3d6f0054 4
line (before): [710006247] [len = 11]
line (after):   [710006247] [pad = 2]
line (before):  [len = 0]
line (after):          [pad = 8]
line (before):  [len = 0]
line (after):          [pad = 8]
line (before): Scan Now [len = 8]
line (after):     Scan Now [pad = 4]
cnt2: 7
pad2: 3
...


0: ===============
1:   MyCardsPay
2: ===============
3: 
4: 
5: 
6:   [710006247]
7:         
8:         
9:     Scan Now
10: 
11: 
12: 
13: 
14: ===============
15: [A][B][C][D][E]
Value: [Ljava.lang.String;@505fc5a4
{"balance":15.55,"cardCode":"361","cardNumber":"710006247","activated":true,"status":"New Card"}
l: 10
w: 15
h: 15
DEBUG: [710006247]


Scan Now

cnt1: 4
pad1: 3
...
DEBUG: [Ljava.lang.String;@5fbdfdcf 4
line (before): [710006247] [len = 11]
line (after):   [710006247] [pad = 2]
line (before):  [len = 0]
line (after):          [pad = 8]
line (before):  [len = 0]
line (after):          [pad = 8]
line (before): Scan Now [len = 8]
line (after):     Scan Now [pad = 4]
cnt2: 7
pad2: 3
...


0: ===============
1:   MyCardsPay
2: ===============
3: 
4: 
5: 
6:   [710006247]
7:         
8:         
9:     Scan Now
10: 
11: 
12: 
13: 
14: ===============
15: [A][B][C][D][E]
Value: [Ljava.lang.String;@4efc180e
l: 10
w: 15
h: 15
DEBUG: $15.55

cnt1: 1
pad1: 4
....
DEBUG: [Ljava.lang.String;@bd4dc25 1
line (before): $15.55 [len = 6]
line (after):      $15.55 [pad = 5]
cnt2: 5
pad2: 5
.....


0: ===============
1:    MyCards
2: ===============
3: 
4: 
5: 
6: 
7:      $15.55
8: 
9: 
10: 
11: 
12: 
13: 
14: ===============
15: [A][B][C][D][E]
